#
# There is insufficient memory for the Java Runtime Environment to continue.
# Native memory allocation (malloc) failed to allocate 1048576 bytes for AllocateHeap
# Possible reasons:
#   The system is out of physical RAM or swap space
#   In 32 bit mode, the process size limit was hit
# Possible solutions:
#   Reduce memory load on the system
#   Increase physical memory or swap space
#   Check if swap backing store is full
#   Use 64 bit Java on a 64 bit OS
#   Decrease Java heap size (-Xmx/-Xms)
#   Decrease number of Java threads
#   Decrease Java thread stack sizes (-Xss)
#   Set larger code cache with -XX:ReservedCodeCacheSize=
# This output file may be truncated or incomplete.
#
#  Out of Memory Error (memory/allocation.inline.hpp:61), pid=7772, tid=0x0000000000004240
#
# JRE version:  (8.0_181-b13) (build )
# Java VM: Java HotSpot(TM) 64-Bit Server VM (25.181-b13 mixed mode windows-amd64 compressed oops)
# Failed to write core dump. Minidumps are not enabled by default on client versions of Windows
#

---------------  T H R E A D  ---------------

Current thread (0x0000000002872800):  JavaThread "Unknown thread" [_thread_in_vm, id=16960, stack(0x0000000002740000,0x0000000002840000)]

Stack: [0x0000000002740000,0x0000000002840000]
[error occurred during error reporting (printing stack bounds), id 0xc0000005]

Native frames: (J=compiled Java code, j=interpreted, Vv=VM code, C=native code)


---------------  P R O C E S S  ---------------

Java Threads: ( => current thread )

Other Threads:

=>0x0000000002872800 (exited) JavaThread "Unknown thread" [_thread_in_vm, id=16960, stack(0x0000000002740000,0x0000000002840000)]

VM state:not at safepoint (normal execution)

VM Mutex/Monitor currently owned by a thread: None

Heap:
 PSYoungGen      total 2048K, used 30K [0x00000000d5f00000, 0x00000000d6180000, 0x0000000100000000)
  eden space 1536K, 2% used [0x00000000d5f00000,0x00000000d5f07af0,0x00000000d6080000)
  from space 512K, 0% used [0x00000000d6100000,0x00000000d6100000,0x00000000d6180000)
  to   space 512K, 0% used [0x00000000d6080000,0x00000000d6080000,0x00000000d6100000)
 ParOldGen       total 5632K, used 0K [0x0000000081c00000, 0x0000000082180000, 0x00000000d5f00000)
  object space 5632K, 0% used [0x0000000081c00000,0x0000000081c00000,0x0000000082180000)
 Metaspace       used 775K, capacity 4480K, committed 4480K, reserved 1056768K
  class space    used 76K, capacity 384K, committed 384K, reserved 1048576K

Card table byte_map: [0x0000000011d30000,0x0000000012130000] byte_map_base: 0x0000000011922000

Marking Bits: (ParMarkBitMap*) 0x0000000064c02d00
 Begin Bits: [0x00000000127e0000, 0x0000000014770000)
 End Bits:   [0x0000000014770000, 0x0000000016700000)

Polling page: 0x0000000000ea0000

CodeCache: size=245760Kb used=328Kb max_used=328Kb free=245431Kb
 bounds [0x0000000002970000, 0x0000000002be0000, 0x0000000011970000]
 total_blobs=58 nmethods=0 adapters=38
 compilation: enabled

Compilation events (0 events):
No events

GC Heap History (0 events):
No events

Deoptimization events (0 events):
No events

Classes redefined (0 events):
No events

Internal exceptions (0 events):
No events

Events (10 events):
Event: 0.033 loading class java/lang/Short
Event: 0.033 loading class java/lang/Short done
Event: 0.033 loading class java/lang/Integer
Event: 0.033 loading class java/lang/Integer done
Event: 0.033 loading class java/lang/Long
Event: 0.033 loading class java/lang/Long done
Event: 0.035 loading class java/lang/NullPointerException
Event: 0.035 loading class java/lang/NullPointerException done
Event: 0.035 loading class java/lang/ArithmeticException
Event: 0.035 loading class java/lang/ArithmeticException done


Dynamic libraries:
0x00007ff75c200000 - 0x00007ff75c207000 	C:\Program Files\Java\jdk1.8.0_181\bin\javac.exe
0x00007ffff6410000 - 0x00007ffff65fd000 	C:\WINDOWS\SYSTEM32\ntdll.dll
0x00007ffff5960000 - 0x00007ffff5a13000 	C:\WINDOWS\System32\KERNEL32.DLL
0x00007ffff3350000 - 0x00007ffff35e3000 	C:\WINDOWS\System32\KERNELBASE.dll
0x0000000063dd0000 - 0x0000000063dff000 	C:\Program Files\Java\jdk1.8.0_181\bin\jli.dll
0x00007ffff4150000 - 0x00007ffff41f3000 	C:\WINDOWS\System32\ADVAPI32.dll
0x00007ffff3e40000 - 0x00007ffff3ede000 	C:\WINDOWS\System32\msvcrt.dll
0x00007ffff3ee0000 - 0x00007ffff3f7e000 	C:\WINDOWS\System32\sechost.dll
0x00007ffff3ba0000 - 0x00007ffff3cc2000 	C:\WINDOWS\System32\RPCRT4.dll
0x00007ffff3a00000 - 0x00007ffff3b97000 	C:\WINDOWS\System32\USER32.dll
0x00007ffff3330000 - 0x00007ffff3350000 	C:\WINDOWS\System32\win32u.dll
0x00007ffff42b0000 - 0x00007ffff42d9000 	C:\WINDOWS\System32\GDI32.dll
0x00007ffff3170000 - 0x00007ffff330a000 	C:\WINDOWS\System32\gdi32full.dll
0x00007ffff2870000 - 0x00007ffff2910000 	C:\WINDOWS\System32\msvcp_win.dll
0x00007ffff2740000 - 0x00007ffff283c000 	C:\WINDOWS\System32\ucrtbase.dll
0x0000000063cf0000 - 0x0000000063dc2000 	C:\Program Files\Java\jdk1.8.0_181\bin\MSVCR100.dll
0x00007fffe4590000 - 0x00007fffe4809000 	C:\WINDOWS\WinSxS\amd64_microsoft.windows.common-controls_6595b64144ccf1df_6.0.17763.194_none_05b3366207211c42\COMCTL32.dll
0x00007ffff5fa0000 - 0x00007ffff62cd000 	C:\WINDOWS\System32\combase.dll
0x00007ffff24e0000 - 0x00007ffff255e000 	C:\WINDOWS\System32\bcryptPrimitives.dll
0x00007ffff4050000 - 0x00007ffff407e000 	C:\WINDOWS\System32\IMM32.DLL
0x0000000065020000 - 0x00000000650f2000 	C:\Program Files\Java\jdk1.8.0_181\jre\bin\msvcr100.dll
0x00000000643e0000 - 0x0000000064c82000 	C:\Program Files\Java\jdk1.8.0_181\jre\bin\server\jvm.dll
0x00007ffff5f90000 - 0x00007ffff5f98000 	C:\WINDOWS\System32\PSAPI.DLL
0x00007fffeb800000 - 0x00007fffeb809000 	C:\WINDOWS\SYSTEM32\WSOCK32.dll
0x00007ffff5aa0000 - 0x00007ffff5b0d000 	C:\WINDOWS\System32\WS2_32.dll
0x00007fffeb510000 - 0x00007fffeb534000 	C:\WINDOWS\SYSTEM32\WINMM.dll
0x00007fffeac60000 - 0x00007fffeac6a000 	C:\WINDOWS\SYSTEM32\VERSION.dll
0x00007fffeafd0000 - 0x00007fffeaffd000 	C:\WINDOWS\SYSTEM32\WINMMBASE.dll
0x00007ffff35f0000 - 0x00007ffff363a000 	C:\WINDOWS\System32\cfgmgr32.dll
0x0000000064fd0000 - 0x0000000064fdf000 	C:\Program Files\Java\jdk1.8.0_181\jre\bin\verify.dll
0x0000000064fa0000 - 0x0000000064fc9000 	C:\Program Files\Java\jdk1.8.0_181\jre\bin\java.dll
0x00000000643c0000 - 0x00000000643d6000 	C:\Program Files\Java\jdk1.8.0_181\jre\bin\zip.dll

VM Arguments:
jvm_args: -Dapplication.home=C:\Program Files\Java\jdk1.8.0_181 -Xms8m 
java_command: com.sun.tools.javac.Main -d D:\NetBeans\Libr4ryGUI\build\classes -classpath D:\NetBeans\Libr4ryGUI\build\classes;C:\Program Files\NetBeans 8.2\ide\modules\ext\mysql-connector-java-5.1.23-bin.jar -sourcepath D:\NetBeans\Libr4ryGUI\src -target 1.8 -encoding UTF-8 -g -processorpath C:\Program Files\NetBeans 8.2\ide\modules\ext\mysql-connector-java-5.1.23-bin.jar;G:\Kuliah\Semester 3\2. Pemrograman Berorientasi Objek\Project\db-derby-10.14.2.0-bin.zip;D:\NetBeans\Libr4ryGUI\build\empty -s D:\NetBeans\Libr4ryGUI\build\generated-sources\ap-source-output -source 1.8 D:\NetBeans\Libr4ryGUI\src\gui\AdminGUI.java
java_class_path (initial): C:\Program Files\Java\jdk1.8.0_181/lib/tools.jar;C:\Program Files\Java\jdk1.8.0_181/classes
Launcher Type: SUN_STANDARD

Environment Variables:
PATH=C:\Program Files (x86)\Common Files\Intel\Shared Libraries\redist\intel64\compiler;C:\Program Files (x86)\Common Files\Oracle\Java\javapath;C:\WINDOWS\system32;C:\WINDOWS;C:\WINDOWS\System32\Wbem;C:\WINDOWS\System32\WindowsPowerShell\v1.0\;C:\WINDOWS\System32\OpenSSH\;C:\Program Files\Java\jdk1.8.0_181\bin;C:\Program Files\Microsoft SQL Server\Client SDK\ODBC\130\Tools\Binn\;C:\Program Files (x86)\Microsoft SQL Server\140\Tools\Binn\;C:\Program Files\Microsoft SQL Server\140\Tools\Binn\;C:\Program Files\Microsoft SQL Server\140\DTS\Binn\;C:\Program Files (x86)\Microsoft SQL Server\Client SDK\ODBC\130\Tools\Binn\;C:\Program Files (x86)\Microsoft SQL Server\140\DTS\Binn\;C:\Program Files (x86)\Microsoft SQL Server\140\Tools\Binn\ManagementStudio\;C:\Program Files (x86)\NVIDIA Corporation\PhysX\Common;C:\xampp\php;C:\Program Files\Git\cmd;C:\Program Files\NVIDIA Corporation\NVIDIA NvDLISR;C:\Program Files\IDM Computer Solutions\UltraCompare;C:\WINDOWS\system32;C:\WINDOWS;C:\WINDOWS\System32\Wbem;C:\WINDOWS\System32\WindowsPowerShell\v1.0\;C:\WINDOWS\System32\OpenSSH\;C:\Users\Ahmad Musyadad A\AppData\Local\Programs\Microsoft VS Code\bin;C:\Users\Ahmad Musyadad A\AppData\Local\GitHubDesktop\bin;C:\Users\Ahmad Musyadad A\AppData\Local\Microsoft\WindowsApps;
USERNAME=Ahmad Musyadad A
OS=Windows_NT
PROCESSOR_IDENTIFIER=Intel64 Family 6 Model 142 Stepping 9, GenuineIntel



---------------  S Y S T E M  ---------------

OS: Windows 10.0 , 64 bit Build 17763 (10.0.17763.1)

CPU:total 4 (initial active 4) (2 cores per cpu, 2 threads per core) family 6 model 142 stepping 9, cmov, cx8, fxsr, mmx, sse, sse2, sse3, ssse3, sse4.1, sse4.2, popcnt, avx, avx2, aes, clmul, erms, 3dnowpref, lzcnt, ht, tsc, tscinvbit, bmi1, bmi2, adx

Memory: 4k page, physical 8266284k(2436252k free), swap 27284956k(5620k free)

vm_info: Java HotSpot(TM) 64-Bit Server VM (25.181-b13) for windows-amd64 JRE (1.8.0_181-b13), built on Jul  7 2018 04:01:33 by "java_re" with MS VC++ 10.0 (VS2010)

time: Sun Dec 16 23:13:10 2018
elapsed time: 0 seconds (0d 0h 0m 0s)

